# JRE version: OpenJDK Runtime Environment (8.0_342-b07) (build 1.8.0_342-b07)
# Java VM: OpenJDK 64-Bit Server VM (25.342-b07 mixed mode windows-amd64 compressed oops)
Heap:
 PSYoungGen      total 70144K, used 35495K [0x00000000f5580000, 0x00000000faa80000, 0x0000000100000000)
  eden space 62464K, 56% used [0x00000000f5580000,0x00000000f7829ed8,0x00000000f9280000)
  from space 7680K, 0% used [0x00000000f9280000,0x00000000f9280000,0x00000000f9a00000)
  to   space 12800K, 0% used [0x00000000f9e00000,0x00000000f9e00000,0x00000000faa80000)
 ParOldGen       total 175104K, used 14894K [0x00000000e0000000, 0x00000000eab00000, 0x00000000f5580000)
  object space 175104K, 8% used [0x00000000e0000000,0x00000000e0e8b8f0,0x00000000eab00000)
 Metaspace       used 35696K, capacity 37298K, committed 37592K, reserved 1081344K
  class space    used 5160K, capacity 5485K, committed 5592K, reserved 1048576K
GC Heap History (10 events):
Event: 39.318 GC heap before
{Heap before GC invocations=5 (full 1):
 PSYoungGen      total 76288K, used 10027K [0x00000000f5580000, 0x00000000faa80000, 0x0000000100000000)
  eden space 65536K, 0% used [0x00000000f5580000,0x00000000f5580000,0x00000000f9580000)
  from space 10752K, 93% used [0x00000000fa000000,0x00000000fa9cad50,0x00000000faa80000)
  to   space 10752K, 0% used [0x00000000f9580000,0x00000000f9580000,0x00000000fa000000)
 ParOldGen       total 175104K, used 40K [0x00000000e0000000, 0x00000000eab00000, 0x00000000f5580000)
  object space 175104K, 0% used [0x00000000e0000000,0x00000000e000a000,0x00000000eab00000)
 Metaspace       used 20373K, capacity 21076K, committed 21248K, reserved 1067008K
  class space    used 2986K, capacity 3204K, committed 3328K, reserved 1048576K
Event: 39.376 GC heap after
Heap after GC invocations=5 (full 1):
 PSYoungGen      total 76288K, used 0K [0x00000000f5580000, 0x00000000faa80000, 0x0000000100000000)
  eden space 65536K, 0% used [0x00000000f5580000,0x00000000f5580000,0x00000000f9580000)
  from space 10752K, 0% used [0x00000000fa000000,0x00000000fa000000,0x00000000faa80000)
  to   space 10752K, 0% used [0x00000000f9580000,0x00000000f9580000,0x00000000fa000000)
 ParOldGen       total 175104K, used 9735K [0x00000000e0000000, 0x00000000eab00000, 0x00000000f5580000)
  object space 175104K, 5% used [0x00000000e0000000,0x00000000e0981cf0,0x00000000eab00000)
 Metaspace       used 20373K, capacity 21076K, committed 21248K, reserved 1067008K
  class space    used 2986K, capacity 3204K, committed 3328K, reserved 1048576K
}
Event: 41.204 GC heap before
{Heap before GC invocations=6 (full 1):
 PSYoungGen      total 76288K, used 65536K [0x00000000f5580000, 0x00000000faa80000, 0x0000000100000000)
  eden space 65536K, 100% used [0x00000000f5580000,0x00000000f9580000,0x00000000f9580000)
  from space 10752K, 0% used [0x00000000fa000000,0x00000000fa000000,0x00000000faa80000)
  to   space 10752K, 0% used [0x00000000f9580000,0x00000000f9580000,0x00000000fa000000)
 ParOldGen       total 175104K, used 9735K [0x00000000e0000000, 0x00000000eab00000, 0x00000000f5580000)
  object space 175104K, 5% used [0x00000000e0000000,0x00000000e0981cf0,0x00000000eab00000)
 Metaspace       used 24405K, capacity 25460K, committed 25728K, reserved 1071104K
  class space    used 3649K, capacity 3900K, committed 3968K, reserved 1048576K
Event: 41.213 GC heap after
Heap after GC invocations=6 (full 1):
 PSYoungGen      total 74752K, used 5122K [0x00000000f5580000, 0x00000000fad00000, 0x0000000100000000)
  eden space 64000K, 0% used [0x00000000f5580000,0x00000000f5580000,0x00000000f9400000)
  from space 10752K, 47% used [0x00000000f9580000,0x00000000f9a80a78,0x00000000fa000000)
  to   space 12800K, 0% used [0x00000000fa080000,0x00000000fa080000,0x00000000fad00000)
 ParOldGen       total 175104K, used 9743K [0x00000000e0000000, 0x00000000eab00000, 0x00000000f5580000)
  object space 175104K, 5% used [0x00000000e0000000,0x00000000e0983cf0,0x00000000eab00000)
 Metaspace       used 24405K, capacity 25460K, committed 25728K, reserved 1071104K
  class space    used 3649K, capacity 3900K, committed 3968K, reserved 1048576K
}
Event: 44.327 GC heap before
{Heap before GC invocations=7 (full 1):
 PSYoungGen      total 74752K, used 69122K [0x00000000f5580000, 0x00000000fad00000, 0x0000000100000000)
  eden space 64000K, 100% used [0x00000000f5580000,0x00000000f9400000,0x00000000f9400000)
  from space 10752K, 47% used [0x00000000f9580000,0x00000000f9a80a78,0x00000000fa000000)
  to   space 12800K, 0% used [0x00000000fa080000,0x00000000fa080000,0x00000000fad00000)
 ParOldGen       total 175104K, used 9743K [0x00000000e0000000, 0x00000000eab00000, 0x00000000f5580000)
  object space 175104K, 5% used [0x00000000e0000000,0x00000000e0983cf0,0x00000000eab00000)
 Metaspace       used 32612K, capacity 34048K, committed 34176K, reserved 1079296K
  class space    used 4663K, capacity 4976K, committed 4992K, reserved 1048576K
Event: 44.339 GC heap after
Heap after GC invocations=7 (full 1):
 PSYoungGen      total 74752K, used 9832K [0x00000000f5580000, 0x00000000fac80000, 0x0000000100000000)
  eden space 62464K, 0% used [0x00000000f5580000,0x00000000f5580000,0x00000000f9280000)
  from space 12288K, 80% used [0x00000000fa080000,0x00000000faa1a348,0x00000000fac80000)
  to   space 13312K, 0% used [0x00000000f9280000,0x00000000f9280000,0x00000000f9f80000)
 ParOldGen       total 175104K, used 9751K [0x00000000e0000000, 0x00000000eab00000, 0x00000000f5580000)
  object space 175104K, 5% used [0x00000000e0000000,0x00000000e0985cf0,0x00000000eab00000)
 Metaspace       used 32612K, capacity 34048K, committed 34176K, reserved 1079296K
  class space    used 4663K, capacity 4976K, committed 4992K, reserved 1048576K
}
Event: 46.432 GC heap before
{Heap before GC invocations=8 (full 1):
 PSYoungGen      total 74752K, used 32563K [0x00000000f5580000, 0x00000000fac80000, 0x0000000100000000)
  eden space 62464K, 36% used [0x00000000f5580000,0x00000000f6bb2ba8,0x00000000f9280000)
  from space 12288K, 80% used [0x00000000fa080000,0x00000000faa1a348,0x00000000fac80000)
  to   space 13312K, 0% used [0x00000000f9280000,0x00000000f9280000,0x00000000f9f80000)
 ParOldGen       total 175104K, used 9751K [0x00000000e0000000, 0x00000000eab00000, 0x00000000f5580000)
  object space 175104K, 5% used [0x00000000e0000000,0x00000000e0985cf0,0x00000000eab00000)
 Metaspace       used 33831K, capacity 35300K, committed 35416K, reserved 1079296K
  class space    used 4823K, capacity 5140K, committed 5208K, reserved 1048576K
Event: 46.450 GC heap after
Heap after GC invocations=8 (full 1):
 PSYoungGen      total 70144K, used 7509K [0x00000000f5580000, 0x00000000faa80000, 0x0000000100000000)
  eden space 62464K, 0% used [0x00000000f5580000,0x00000000f5580000,0x00000000f9280000)
  from space 7680K, 97% used [0x00000000f9280000,0x00000000f99d5520,0x00000000f9a00000)
  to   space 12800K, 0% used [0x00000000f9e00000,0x00000000f9e00000,0x00000000faa80000)
 ParOldGen       total 175104K, used 9759K [0x00000000e0000000, 0x00000000eab00000, 0x00000000f5580000)
  object space 175104K, 5% used [0x00000000e0000000,0x00000000e0987cf0,0x00000000eab00000)
 Metaspace       used 33831K, capacity 35300K, committed 35416K, reserved 1079296K
  class space    used 4823K, capacity 5140K, committed 5208K, reserved 1048576K
}
Event: 46.450 GC heap before
{Heap before GC invocations=9 (full 2):
 PSYoungGen      total 70144K, used 7509K [0x00000000f5580000, 0x00000000faa80000, 0x0000000100000000)
  eden space 62464K, 0% used [0x00000000f5580000,0x00000000f5580000,0x00000000f9280000)
  from space 7680K, 97% used [0x00000000f9280000,0x00000000f99d5520,0x00000000f9a00000)
  to   space 12800K, 0% used [0x00000000f9e00000,0x00000000f9e00000,0x00000000faa80000)
 ParOldGen       total 175104K, used 9759K [0x00000000e0000000, 0x00000000eab00000, 0x00000000f5580000)
  object space 175104K, 5% used [0x00000000e0000000,0x00000000e0987cf0,0x00000000eab00000)
 Metaspace       used 33831K, capacity 35300K, committed 35416K, reserved 1079296K
  class space    used 4823K, capacity 5140K, committed 5208K, reserved 1048576K
Event: 46.549 GC heap after
Heap after GC invocations=9 (full 2):
 PSYoungGen      total 70144K, used 0K [0x00000000f5580000, 0x00000000faa80000, 0x0000000100000000)
  eden space 62464K, 0% used [0x00000000f5580000,0x00000000f5580000,0x00000000f9280000)
  from space 7680K, 0% used [0x00000000f9280000,0x00000000f9280000,0x00000000f9a00000)
  to   space 12800K, 0% used [0x00000000f9e00000,0x00000000f9e00000,0x00000000faa80000)
 ParOldGen       total 175104K, used 14894K [0x00000000e0000000, 0x00000000eab00000, 0x00000000f5580000)
  object space 175104K, 8% used [0x00000000e0000000,0x00000000e0e8b8f0,0x00000000eab00000)
 Metaspace       used 33831K, capacity 35300K, committed 35416K, reserved 1079296K
  class space    used 4823K, capacity 5140K, committed 5208K, reserved 1048576K
}

